1,sweetie,0.9080885
1,hun,0.4811443
1,cutie,0.9599802
1,shes so emotional,0.2037335
1,you only got the job because youre a woman,0.4001577
1,she really wasnt that good but they really wanted to keep her,0.08384173
1,you do that so well for a girl,0.866717
1,pretty little sidekick,0.6414022
1,eyed her up and down,0.5871888
1,at my old job there were rumors that i had the job because the boss had feelings for me or that we had slept together or because I wore tight skirts,0.01779872
1,imagined sexual advantage,0.6176217
1,whore,0.4859046
1,prostitution,0.3724116
1,sexual favors for money,0.558881
1,a little spanking would help speed things along,0.8159754
1,treat me as just someone to hit on not that i am working,0.1382503
1,its too bad we didnt know each other 20 years ago we could have had a lot of fun together,0.2290242
1,upon meeting in person a peer id only spoken to via email he said youre much prettier than i thought youd be,0.4782842
1,never knew how great your legs were,0.840753
1,the guys in the machine shop only do things for you because you shake your tits at them,0.7616964
1,give her a sloppy french kiss for me,0.7020906
1,he would be gentle with me and only stick it half in,0.816897
1,I feel something being shoved into my butt,0.1740058
1,his eyes were on my breasts more than they were on my face,0.2669697
1,he told me i come off as annoying and bitchy when i try to lead certain projects,0.274135
1,pretty girls sell more,0.9014266
1,why you were only hired because she liked the way you looked,0.8928026
1,get the chick to do it,0.6413232
1,i know you say you dont want to have kids but dont you love to fuck,0.4704315
1,bdsm,0.5777792
1,one of them was looking at my butt when i bent over to grab something and he was trying to get his 30 something year old son to go after a new hire who was about my age at the time,0.1844356
1,the managers used to ask me to climb the very tall ladders so they could stand below me and look up at my butt,0.7150791
1,can I put my dick in your ass,0.7850035
1,catcall,0.3818181
1,hey sexy where are you going,0.877542
1,hey snowbunny,0.949499
1,guys stop me on my way to work are you single,0.8912596
1,if i followed you home would you take care of me,0.9083286
1,hey slut nice tits,0.8624626
1,i will bite your tongue off,0.4189708
1,hey cinderella why dont you come on over here princess,0.7673134
1,i want to fuck you with this jackhammer,0.2625847
1,why dont you put those red lips around my cock honey,0.6031139
1,hey girl you got a boyfriend,0.892411
1,dogwhistle,0.3769322
1,delicious pussy,0.9263873
1,youre beautiful fuck you be grateful i said that,0.8948006
1,girl your body is amazing,0.9202152
